<?xml version="1.0" encoding="UTF-8"?>
<testsuites name="Instagram" time="44.421" tests="1" failures="0" errors="0">
   <testsuite name="Instagram" tests="1" failures="0" errors="0" time="44.421" skipped="0" timestamp="25-08-2024T05:25:50" hostname="VHI 4 - DESKTOP-VT5E1MP.lan" id="Test Suites/Instagram">
      <properties>
         <property name="deviceName" value="realme RMX3370 (Android 13)"/>
         <property name="devicePlatform" value="Android"/>
         <property name="logFolder" value="C:\\Users\\VHI 4\\Katalon Studio\\InstagramTesting\\Reports\\20240825_052547\\Instagram\\20240825_052547"/>
         <property name="logFiles" value="C:\\Users\\VHI 4\\Katalon Studio\\InstagramTesting\\Reports\\20240825_052547\\Instagram\\20240825_052547\\appium.log, C:\\Users\\VHI 4\\Katalon Studio\\InstagramTesting\\Reports\\20240825_052547\\Instagram\\20240825_052547\\appium_error.log, C:\\Users\\VHI 4\\Katalon Studio\\InstagramTesting\\Reports\\20240825_052547\\Instagram\\20240825_052547\\execution0.log"/>
         <property name="attachments" value=""/>
         <property name="hostName" value="VHI 4 - DESKTOP-VT5E1MP.lan"/>
         <property name="os" value="Windows 10 64bit"/>
         <property name="appiumServerStatus" value="{&quot;value&quot;:{&quot;ready&quot;:true,&quot;message&quot;:&quot;The server is ready to accept new connections&quot;,&quot;build&quot;:{&quot;version&quot;:&quot;2.11.3&quot;}}}"/>
         <property name="katalonVersion" value="9.6.0.217"/>
         <property name="deviceOS" value="Android"/>
         <property name="appiumVersion" value="2.11.3"/>
         <property name="deviceModel" value="RMX3370"/>
         <property name="hostAddress" value="192.168.31.129"/>
         <property name="deviceManufacturer" value="realme"/>
         <property name="deviceId" value="b48830f"/>
         <property name="deviceName" value="realme RMX3370 (Android 13)"/>
         <property name="deviceOSVersion" value="13"/>
      </properties>
      <testcase name="Test Cases/Instagram" time="44.277" classname="Test Cases/Instagram" status="PASSED">
         <system-out><![CDATA[25-08-2024T05:25:50 - [TEST_CASE][PASSED] - Test Cases/Instagram: Test Cases/Instagram

25-08-2024T05:25:50 - [TEST_STEP][PASSED] - startExistingApplication("com.instagram.android"): Starting application with Id: 'com.instagram.android'

25-08-2024T05:25:50 - [MESSAGE][INFO] - Detected NodeJS location: "C:\Program Files\nodejs\node.exe"

25-08-2024T05:25:55 - [MESSAGE][INFO] - PATH: C:\Program Files\nodejs;

25-08-2024T05:25:55 - [MESSAGE][INFO] - APPIUM_HOME: C:\Users\VHI 4\.appium

25-08-2024T05:25:55 - [MESSAGE][INFO] - appium outlog: C:\Users\VHI 4\Katalon Studio\InstagramTesting\Reports\20240825_052547\Instagram\20240825_052547\appium.log

25-08-2024T05:25:55 - [MESSAGE][INFO] - appium errlog: C:\Users\VHI 4\Katalon Studio\InstagramTesting\Reports\20240825_052547\Instagram\20240825_052547\appium_error.log

25-08-2024T05:25:57 - [MESSAGE][INFO] - Appium server started on port 57,379

25-08-2024T05:26:05 - [MESSAGE][PASSED] - Starting application with Id: 'com.instagram.android'

25-08-2024T05:26:05 - [TEST_STEP][PASSED] - waitForElementPresent(findTestObject("Instagram/Log in to another account"), 3): Element 'Object Repository/Instagram/Log in to another account' is present

25-08-2024T05:26:07 - [MESSAGE][PASSED] - Element 'Object Repository/Instagram/Log in to another account' is present

25-08-2024T05:26:07 - [TEST_STEP][PASSED] - tap(findTestObject("Instagram/Log in to another account"), 3): Tapped on element 'Object Repository/Instagram/Log in to another account'

25-08-2024T05:26:08 - [MESSAGE][PASSED] - Tapped on element 'Object Repository/Instagram/Log in to another account'

25-08-2024T05:26:08 - [TEST_STEP][PASSED] - if (true): Tapped on element 'Object Repository/Instagram/NONE OF THE ABOVE'

25-08-2024T05:26:08 - [TEST_STEP][PASSED] - waitForElementPresent(findTestObject("Instagram/NONE OF THE ABOVE"), 5): Element 'Object Repository/Instagram/NONE OF THE ABOVE' is present

25-08-2024T05:26:11 - [MESSAGE][PASSED] - Element 'Object Repository/Instagram/NONE OF THE ABOVE' is present

25-08-2024T05:26:11 - [TEST_STEP][PASSED] - tap(findTestObject("Instagram/NONE OF THE ABOVE"), 3): Tapped on element 'Object Repository/Instagram/NONE OF THE ABOVE'

25-08-2024T05:26:11 - [MESSAGE][PASSED] - Tapped on element 'Object Repository/Instagram/NONE OF THE ABOVE'

25-08-2024T05:26:11 - [TEST_STEP][PASSED] - waitForElementPresent(findTestObject("Instagram/Username"), 5): Element 'Object Repository/Instagram/Username' is present

25-08-2024T05:26:12 - [MESSAGE][PASSED] - Element 'Object Repository/Instagram/Username' is present

25-08-2024T05:26:12 - [TEST_STEP][PASSED] - tap(findTestObject("Instagram/Username"), 3): Tapped on element 'Object Repository/Instagram/Username'

25-08-2024T05:26:12 - [MESSAGE][PASSED] - Tapped on element 'Object Repository/Instagram/Username'

25-08-2024T05:26:12 - [TEST_STEP][PASSED] - tap(findTestObject("Instagram/CrossMark"), 3): Tapped on element 'Object Repository/Instagram/CrossMark'

25-08-2024T05:26:15 - [MESSAGE][PASSED] - Tapped on element 'Object Repository/Instagram/CrossMark'

25-08-2024T05:26:15 - [TEST_STEP][PASSED] - setText(findTestObject("Instagram/Username"), "harikrishnan_muruganantham", 0): Text 'harikrishnan_muruganantham' has been set to element 'Object Repository/Instagram/Username'

25-08-2024T05:26:15 - [MESSAGE][WARNING] - Timeout '0' is invalid. Using default page load timeout: '30'

25-08-2024T05:26:18 - [MESSAGE][PASSED] - Text 'harikrishnan_muruganantham' has been set to element 'Object Repository/Instagram/Username'

25-08-2024T05:26:18 - [TEST_STEP][PASSED] - tap(findTestObject("Instagram/InstaLogo"), 3): Tapped on element 'Object Repository/Instagram/InstaLogo'

25-08-2024T05:26:20 - [MESSAGE][PASSED] - Tapped on element 'Object Repository/Instagram/InstaLogo'

25-08-2024T05:26:20 - [TEST_STEP][PASSED] - tap(findTestObject("Instagram/BeforeClickPassword"), 3): Tapped on element 'Object Repository/Instagram/BeforeClickPassword'

25-08-2024T05:26:20 - [MESSAGE][PASSED] - Tapped on element 'Object Repository/Instagram/BeforeClickPassword'

25-08-2024T05:26:20 - [TEST_STEP][PASSED] - setText(findTestObject("Instagram/Password"), "Tamil*1106", 0): Text 'Tamil*1106' has been set to element 'Object Repository/Instagram/Password'

25-08-2024T05:26:20 - [MESSAGE][WARNING] - Timeout '0' is invalid. Using default page load timeout: '30'

25-08-2024T05:26:23 - [MESSAGE][PASSED] - Text 'Tamil*1106' has been set to element 'Object Repository/Instagram/Password'

25-08-2024T05:26:23 - [TEST_STEP][PASSED] - tap(findTestObject("Instagram/InstaLogo"), 3): Tapped on element 'Object Repository/Instagram/InstaLogo'

25-08-2024T05:26:25 - [MESSAGE][PASSED] - Tapped on element 'Object Repository/Instagram/InstaLogo'

25-08-2024T05:26:25 - [TEST_STEP][PASSED] - tap(findTestObject("Instagram/Log in"), 3): Tapped on element 'Object Repository/Instagram/Log in'

25-08-2024T05:26:25 - [MESSAGE][PASSED] - Tapped on element 'Object Repository/Instagram/Log in'

25-08-2024T05:26:25 - [TEST_STEP][PASSED] - waitForElementPresent(findTestObject("Instagram/Your story"), 10): Element 'Object Repository/Instagram/Your story' is present

25-08-2024T05:26:33 - [MESSAGE][PASSED] - Element 'Object Repository/Instagram/Your story' is present

25-08-2024T05:26:33 - [TEST_STEP][PASSED] - closeApplication(): Close app successfully

25-08-2024T05:26:34 - [MESSAGE][PASSED] - Close app successfully]]></system-out>
         <system-err><![CDATA[]]></system-err>
      </testcase>
      <system-out><![CDATA[25-08-2024T05:25:50 - [TEST_SUITE][PASSED] - Instagram: Test Cases/Instagram]]></system-out>
      <system-err><![CDATA[]]></system-err>
   </testsuite>
</testsuites>
